<?xml version="1.0" encoding="UTF-8"?>
<testng-results ignored="0" total="1" passed="1" failed="0" skipped="0">
  <reporter-output>
  </reporter-output>
  <suite started-at="2024-10-20T11:27:53 IST" name="Default suite" finished-at="2024-10-20T11:27:54 IST" duration-ms="54">
    <groups>
    </groups>
    <test started-at="2024-10-20T11:27:53 IST" name="Default test" finished-at="2024-10-20T11:27:54 IST" duration-ms="54">
      <class name="tests.Program1">
        <test-method signature="method()[pri:0, instance:tests.Program1@5149d738]" started-at="2024-10-20T11:27:54 IST" name="method" finished-at="2024-10-20T11:27:54 IST" duration-ms="12" status="PASS">
          <reporter-output>
          </reporter-output>
        </test-method> <!-- method -->
      </class> <!-- tests.Program1 -->
    </test> <!-- Default test -->
  </suite> <!-- Default suite -->
</testng-results>
